<?xml version="1.0" encoding="UTF-8"?>
<testsuite name="PersonalAssistantTest" tests="1" skipped="0" failures="0" errors="0" timestamp="2020-08-28T03:10:17" hostname="hulk-smash.local" time="0.077">
  <properties/>
  <testcase name="start" classname="PersonalAssistantTest" time="0.077"/>
  <system-out><![CDATA[?[1;31m
Start test 1?[0m
Hello! My name is Ashton.
I was created in 2020.
Please, remind me your name.
> John
What a great name you have, John!
Let me guess your age.
Enter remainders of dividing your age by 3, 5 and 7.
> 1 2 1
Your age is 22; that's a good time to start programming!
?[1;31m
Start test 2?[0m
Hello! My name is Ashton.
I was created in 2020.
Please, remind me your name.
> Nick
What a great name you have, Nick!
Let me guess your age.
Enter remainders of dividing your age by 3, 5 and 7.
> 2 0 0
Your age is 35; that's a good time to start programming!
]]></system-out>
  <system-err><![CDATA[]]></system-err>
</testsuite>
