<?xml version="1.0" encoding="UTF-8"?>
<testsuite name="TicTacToeTest" tests="1" skipped="0" failures="0" errors="0" timestamp="2020-09-01T18:43:25" hostname="hulk-smash.local" time="0.313">
  <properties/>
  <testcase name="start" classname="TicTacToeTest" time="0.313"/>
  <system-out><![CDATA[?[1;31m
Start test 1?[0m
---------
|       |
|       |
|       |
---------
Enter the coordinates: > 1 1
---------
|       |
|       |
| X     |
---------
Making move level "easy"
---------
|       |
|     O |
| X     |
---------
Enter the coordinates: > 1 2
---------
|       |
| X   O |
| X     |
---------
Making move level "easy"
---------
|       |
| X   O |
| X   O |
---------
Enter the coordinates: > 1 3
---------
| X     |
| X   O |
| X   O |
---------
X wins
Making move level "easy"
---------
| X   O |
| X   O |
| X   O |
---------
Impossible
?[1;31m
Start test 2?[0m
---------
|       |
|       |
|       |
---------
Enter the coordinates: > 4 1
Coordinates should be from 1 to 3!
Enter the coordinates: > 1 2
---------
|       |
| X     |
|       |
---------
Making move level "easy"
---------
|       |
| X     |
|   O   |
---------
Enter the coordinates: > 1 3
---------
| X     |
| X     |
|   O   |
---------
Making move level "easy"
---------
| X     |
| X     |
|   O O |
---------
Enter the coordinates: > 2 1
This cell is occupied! Choose another one!
Enter the coordinates: > 2 2
---------
| X     |
| X X   |
|   O O |
---------
Making move level "easy"
---------
| X   O |
| X X   |
|   O O |
---------
Enter the coordinates: > 2 3
---------
| X X O |
| X X   |
|   O O |
---------
Making move level "easy"
---------
| X X O |
| X X   |
| O O O |
---------
O wins
?[1;31m
Start test 3?[0m
---------
|       |
|       |
|       |
---------
Enter the coordinates: > 1 3
---------
| X     |
|       |
|       |
---------
Making move level "easy"
---------
| X     |
|       |
|     O |
---------
Enter the coordinates: > 2 1
---------
| X     |
|       |
|   X O |
---------
Making move level "easy"
---------
| X     |
| O     |
|   X O |
---------
Enter the coordinates: > 2 2
---------
| X     |
| O X   |
|   X O |
---------
Making move level "easy"
---------
| X     |
| O X O |
|   X O |
---------
Enter the coordinates: > 2 3
---------
| X X   |
| O X O |
|   X O |
---------
X wins
Making move level "easy"
---------
| X X O |
| O X O |
|   X O |
---------
Impossible
?[1;31m
Start test 4?[0m
---------
|       |
|       |
|       |
---------
Enter the coordinates: > 4 3
Coordinates should be from 1 to 3!
Enter the coordinates: > 2 1
---------
|       |
|       |
|   X   |
---------
Making move level "easy"
---------
|       |
|       |
| O X   |
---------
Enter the coordinates: > 2 2
---------
|       |
|   X   |
| O X   |
---------
Making move level "easy"
---------
|       |
| O X   |
| O X   |
---------
Enter the coordinates: > 2 3
---------
|   X   |
| O X   |
| O X   |
---------
X wins
Making move level "easy"
---------
| O X   |
| O X   |
| O X   |
---------
Impossible
?[1;31m
Start test 5?[0m
---------
|       |
|       |
|       |
---------
Enter the coordinates: > 2 2
---------
|       |
|   X   |
|       |
---------
Making move level "easy"
---------
|       |
| O X   |
|       |
---------
Enter the coordinates: > 2 3
---------
|   X   |
| O X   |
|       |
---------
Making move level "easy"
---------
|   X   |
| O X   |
|     O |
---------
Enter the coordinates: > 3 1
This cell is occupied! Choose another one!
Enter the coordinates: > 3 2
---------
|   X   |
| O X X |
|     O |
---------
Making move level "easy"
---------
|   X   |
| O X X |
| O   O |
---------
Enter the coordinates: > 3 3
---------
|   X X |
| O X X |
| O   O |
---------
Making move level "easy"
---------
| O X X |
| O X X |
| O   O |
---------
O wins
?[1;31m
Start test 6?[0m
---------
|       |
|       |
|       |
---------
Enter the coordinates: > 4 5
Coordinates should be from 1 to 3!
Enter the coordinates: > 2 3
---------
|   X   |
|       |
|       |
---------
Making move level "easy"
---------
|   X   |
|       |
|   O   |
---------
Enter the coordinates: > 3 1
---------
|   X   |
|       |
|   O X |
---------
Making move level "easy"
---------
| O X   |
|       |
|   O X |
---------
Enter the coordinates: > 3 2
---------
| O X   |
|     X |
|   O X |
---------
Making move level "easy"
---------
| O X   |
| O   X |
|   O X |
---------
Enter the coordinates: > 3 3
---------
| O X X |
| O   X |
|   O X |
---------
X wins
Making move level "easy"
---------
| O X X |
| O   X |
| O O X |
---------
Impossible
?[1;31m
Start test 7?[0m
---------
|       |
|       |
|       |
---------
Enter the coordinates: > 3 1
---------
|       |
|       |
|     X |
---------
Making move level "easy"
---------
|       |
| O     |
|     X |
---------
Enter the coordinates: > 3 2
---------
|       |
| O   X |
|     X |
---------
Making move level "easy"
---------
|       |
| O   X |
| O   X |
---------
Enter the coordinates: > 3 3
---------
|     X |
| O   X |
| O   X |
---------
X wins
Making move level "easy"
---------
| O   X |
| O   X |
| O   X |
---------
Impossible
?[1;31m
Start test 8?[0m
---------
|       |
|       |
|       |
---------
Enter the coordinates: > 4 7
Coordinates should be from 1 to 3!
Enter the coordinates: > 3 2
---------
|       |
|     X |
|       |
---------
Making move level "easy"
---------
|       |
|   O X |
|       |
---------
Enter the coordinates: > 3 3
---------
|     X |
|   O X |
|       |
---------
Making move level "easy"
---------
|     X |
|   O X |
|   O   |
---------
Enter the coordinates: > 1 1
---------
|     X |
|   O X |
| X O   |
---------
Making move level "easy"
---------
| O   X |
|   O X |
| X O   |
---------
Enter the coordinates: > 1 2
---------
| O   X |
| X O X |
| X O   |
---------
Making move level "easy"
---------
| O   X |
| X O X |
| X O O |
---------
O wins
?[1;31m
Start test 9?[0m
---------
|       |
|       |
|       |
---------
Enter the coordinates: > 3 3
---------
|     X |
|       |
|       |
---------
Making move level "easy"
---------
|     X |
| O     |
|       |
---------
Enter the coordinates: > 1 1
---------
|     X |
| O     |
| X     |
---------
Making move level "easy"
---------
|     X |
| O   O |
| X     |
---------
Enter the coordinates: > 1 2
This cell is occupied! Choose another one!
Enter the coordinates: > 1 3
---------
| X   X |
| O   O |
| X     |
---------
Making move level "easy"
---------
| X   X |
| O O O |
| X     |
---------
O wins
]]></system-out>
  <system-err><![CDATA[]]></system-err>
</testsuite>
